../src/math/Point.js
../src/math/Vector.js
../src/math/Matrix.js
../src/transforms/MatrixTransform.js
../src/transforms/RotateTransform.js
../src/transforms/ScaleTransform.js
../src/transforms/TranslateTransform.js
../src/transforms/TransformList.js
../src/parsers/PathParser.js
../src/parsers/PathLexer.js
../src/parsers/PathToken.js
../src/parsers/TransformParser.js
../src/parsers/TransformLexer.js
../src/parsers/TransformToken.js
../src/shapes/Color.js
../src/shapes/Shape.js
../src/shapes/Group.js
../src/shapes/Path.js
../src/shapes/Rectangle.js
../src/rendering/PathRenderer.js
../src/rendering/FlashBridge.js
../src/rendering/CanvasBridge.js
../src/rendering/DivBridge.js
../src/rendering/SVGBridge.js
../src/rendering/VMLBridge.js
